\BOOKMARK [0][]{chapter.1}{\376\377\0001\000\040\000L\000o\000c\000a\000l\000l\000y\000\040\000D\000e\000c\000o\000d\000a\000b\000l\000e\000\040\000C\000o\000d\000e\000s}{}% 1
\BOOKMARK [1][]{section.1.1}{\376\377\0001\000.\0001\000\040\000I\000n\000t\000r\000o\000d\000u\000c\000t\000i\000o\000n}{chapter.1}% 2
\BOOKMARK [1][]{section.1.2}{\376\377\0001\000.\0002\000\040\000R\000e\000e\000d\000\040\000M\000u\000l\000l\000e\000r\000\040\000L\000o\000c\000a\000l\000l\000y\000\040\000D\000e\000c\000o\000d\000a\000b\000l\000e\000\040\000C\000o\000d\000e\000s}{chapter.1}% 3
\BOOKMARK [2][]{subsection.1.2.1}{\376\377\0001\000.\0002\000.\0001\000\040\000B\000a\000s\000i\000c\000\040\000D\000e\000c\000o\000d\000i\000n\000g\000\040\000o\000n\000\040\000L\000i\000n\000e\000s}{section.1.2}% 4
\BOOKMARK [2][]{subsection.1.2.2}{\376\377\0001\000.\0002\000.\0002\000\040\000I\000m\000p\000r\000o\000v\000e\000d\000\040\000D\000e\000c\000o\000d\000i\000n\000g\000\040\000o\000n\000\040\000L\000i\000n\000e\000s}{section.1.2}% 5
\BOOKMARK [2][]{subsection.1.2.3}{\376\377\0001\000.\0002\000.\0003\000\040\000D\000e\000c\000o\000d\000i\000n\000g\000\040\000O\000n\000\040\000C\000u\000r\000v\000e\000s}{section.1.2}% 6
\BOOKMARK [0][]{chapter.2}{\376\377\0002\000\040\000M\000u\000l\000t\000i\000p\000l\000i\000c\000i\000t\000y\000\040\000C\000o\000d\000e}{}% 7
\BOOKMARK [1][]{section.2.1}{\376\377\0002\000.\0001\000\040\000H\000a\000s\000s\000e\000\040\000D\000e\000r\000i\000v\000a\000t\000i\000v\000e}{chapter.2}% 8
\BOOKMARK [2][]{subsection.2.1.1}{\376\377\0002\000.\0001\000.\0001\000\040\000B\000a\000s\000i\000c\000\040\000P\000r\000o\000p\000e\000r\000t\000i\000e\000s\000\040\000o\000f\000\040\000H\000a\000s\000s\000e\000\040\000D\000e\000r\000i\000v\000a\000t\000i\000v\000e\000s}{section.2.1}% 9
\BOOKMARK [1][]{section.2.2}{\376\377\0002\000.\0002\000\040\000M\000u\000l\000t\000i\000p\000l\000i\000c\000i\000t\000y}{chapter.2}% 10
\BOOKMARK [2][]{subsection.2.2.1}{\376\377\0002\000.\0002\000.\0001\000\040\000B\000a\000s\000i\000c\000\040\000P\000r\000o\000p\000e\000r\000t\000i\000e\000s\000\040\000o\000f\000\040\000M\000u\000l\000t\000i\000p\000l\000i\000c\000i\000t\000y}{section.2.2}% 11
\BOOKMARK [2][]{subsection.2.2.2}{\376\377\0002\000.\0002\000.\0002\000\040\000S\000t\000r\000e\000n\000g\000t\000h\000e\000n\000i\000n\000g\000\040\000o\000f\000\040\000t\000h\000e\000\040\000S\000c\000h\000w\000a\000r\000t\000z\000-\000Z\000i\000p\000p\000e\000l\000\040\000L\000e\000m\000m\000a}{section.2.2}% 12
\BOOKMARK [1][]{section.2.3}{\376\377\0002\000.\0003\000\040\000M\000u\000l\000t\000i\000p\000l\000i\000c\000i\000t\000y\000\040\000C\000o\000d\000e}{chapter.2}% 13
\BOOKMARK [1][]{section.2.4}{\376\377\0002\000.\0004\000\040\000L\000o\000c\000a\000l\000\040\000C\000o\000r\000r\000e\000c\000t\000i\000o\000n\000\040\000o\000f\000\040\000M\000u\000l\000t\000i\000p\000l\000i\000c\000i\000t\000y\000\040\000C\000o\000d\000e\000s}{chapter.2}% 14
\BOOKMARK [2][]{subsection.2.4.1}{\376\377\0002\000.\0004\000.\0001\000\040\000P\000r\000e\000l\000i\000m\000i\000n\000a\000r\000i\000e\000s\000\040\000o\000n\000\040\000R\000e\000s\000t\000r\000i\000c\000t\000i\000o\000n\000s\000\040\000a\000n\000d\000\040\000D\000e\000r\000i\000v\000a\000t\000i\000v\000e\000s}{section.2.4}% 15
\BOOKMARK [2][]{subsection.2.4.2}{\376\377\0002\000.\0004\000.\0002\000\040\000S\000i\000m\000p\000l\000i\000f\000i\000e\000d\000\040\000E\000r\000r\000o\000r\000-\000C\000o\000r\000r\000e\000c\000t\000i\000o\000n\000\040\000f\000r\000o\000m\000\040\000F\000e\000w\000\040\000E\000r\000r\000o\000r\000s}{section.2.4}% 16
\BOOKMARK [0][]{chapter.3}{\376\377\0003\000\040\000E\000x\000p\000a\000n\000d\000e\000r\000\040\000C\000o\000d\000e\000s}{}% 17
\BOOKMARK [1][]{section.3.1}{\376\377\0003\000.\0001\000\040\000B\000i\000p\000a\000r\000t\000i\000t\000e\000\040\000E\000x\000p\000a\000n\000d\000e\000r\000\040\000G\000r\000a\000p\000h\000s}{chapter.3}% 18
\BOOKMARK [1][]{section.3.2}{\376\377\0003\000.\0002\000\040\000E\000x\000p\000a\000n\000d\000e\000r\000\040\000C\000o\000d\000e}{chapter.3}% 19
\BOOKMARK [1][]{section.3.3}{\376\377\0003\000.\0003\000\040\000D\000e\000c\000o\000d\000i\000n\000g\000\040\000o\000f\000\040\000E\000x\000p\000a\000n\000d\000e\000r\000\040\000C\000o\000d\000e\000s}{chapter.3}% 20
\BOOKMARK [0][]{chapter.4}{\376\377\0004\000\040\000A\000p\000p\000e\000n\000d\000i\000x}{}% 21
\BOOKMARK [1][]{section.4.1}{\376\377\0004\000.\0001\000\040\000P\000r\000o\000b\000a\000b\000i\000l\000i\000s\000t\000i\000c\000\040\000I\000n\000e\000q\000u\000a\000l\000i\000t\000i\000e\000s}{chapter.4}% 22
\BOOKMARK [0][]{chapter.5}{\376\377\0005\000\040\000B\000i\000b\000l\000i\000o\000g\000r\000a\000p\000h\000y}{}% 23
